0 info it worked if it ends with ok
1 verbose cli [ '/usr/bin/nodejs', '/usr/bin/npm', 'publish' ]
2 info using npm@3.9.3
3 info using node@v6.2.1
4 verbose publish [ '.' ]
5 silly cache add args [ '.', null ]
6 verbose cache add spec .
7 silly cache add parsed spec Result {
7 silly cache add   raw: '.',
7 silly cache add   scope: null,
7 silly cache add   name: null,
7 silly cache add   rawSpec: '.',
7 silly cache add   spec: '/home/ricardo/Documents/Projects/toasted',
7 silly cache add   type: 'directory' }
8 verbose addLocalDirectory /home/ricardo/.npm/react-toasty/1.0.0/package.tgz not in flight; packing
9 verbose correctMkdir /home/ricardo/.npm correctMkdir not in flight; initializing
10 info lifecycle react-toasty@1.0.0~prepublish: react-toasty@1.0.0
11 silly lifecycle react-toasty@1.0.0~prepublish: no script for prepublish, continuing
12 verbose tar pack [ '/home/ricardo/.npm/react-toasty/1.0.0/package.tgz',
12 verbose tar pack   '/home/ricardo/Documents/Projects/toasted' ]
13 verbose tarball /home/ricardo/.npm/react-toasty/1.0.0/package.tgz
14 verbose folder /home/ricardo/Documents/Projects/toasted
15 verbose addLocalTarball adding from inside cache /home/ricardo/.npm/react-toasty/1.0.0/package.tgz
16 verbose correctMkdir /home/ricardo/.npm correctMkdir not in flight; initializing
17 silly cache afterAdd react-toasty@1.0.0
18 verbose afterAdd /home/ricardo/.npm/react-toasty/1.0.0/package/package.json not in flight; writing
19 verbose correctMkdir /home/ricardo/.npm correctMkdir not in flight; initializing
20 verbose afterAdd /home/ricardo/.npm/react-toasty/1.0.0/package/package.json written
21 silly publish { name: 'react-toasty',
21 silly publish   version: '1.0.0',
21 silly publish   description: 'Simple and Easy Toast Notifications for React',
21 silly publish   main: './lib/index.js',
21 silly publish   scripts: { test: 'echo "Error: no test specified" && exit 1' },
21 silly publish   repository:
21 silly publish    { type: 'git',
21 silly publish      url: 'git+ssh://git@github.com/KadoBOT/react-toasty.git' },
21 silly publish   keywords: [ 'React', 'Toast', 'Toasty', 'Notification', 'react-toasty' ],
21 silly publish   author: { name: 'Ricardo "Kado" Ambrogi' },
21 silly publish   license: 'MIT',
21 silly publish   bugs: { url: 'https://github.com/KadoBOT/react-toasty/issues' },
21 silly publish   homepage: 'https://github.com/KadoBOT/react-toasty#readme',
21 silly publish   readme: 'ERROR: No README data found!',
21 silly publish   readmeFilename: 'README.md',
21 silly publish   _id: 'react-toasty@1.0.0',
21 silly publish   _shasum: '0ef55468a5e43578ea58882f2c507a647bee74f6',
21 silly publish   _from: '.' }
22 verbose getPublishConfig undefined
23 silly mapToRegistry name react-toasty
24 silly mapToRegistry using default registry
25 silly mapToRegistry registry https://registry.npmjs.org/
26 silly mapToRegistry data Result {
26 silly mapToRegistry   raw: 'react-toasty',
26 silly mapToRegistry   scope: null,
26 silly mapToRegistry   name: 'react-toasty',
26 silly mapToRegistry   rawSpec: '',
26 silly mapToRegistry   spec: 'latest',
26 silly mapToRegistry   type: 'tag' }
27 silly mapToRegistry uri https://registry.npmjs.org/react-toasty
28 verbose publish registryBase https://registry.npmjs.org/
29 silly publish uploading /home/ricardo/.npm/react-toasty/1.0.0/package.tgz
30 verbose request uri https://registry.npmjs.org/react-toasty
31 verbose request sending authorization for write operation
32 info attempt registry request try #1 at 7:26:21 AM
33 verbose request using bearer token for auth
34 verbose request id ce19be12ba5468ca
35 http request PUT https://registry.npmjs.org/react-toasty
36 http 403 https://registry.npmjs.org/react-toasty
37 verbose headers { 'content-type': 'application/json',
37 verbose headers   'cache-control': 'max-age=300',
37 verbose headers   'content-length': '106',
37 verbose headers   'accept-ranges': 'bytes',
37 verbose headers   date: 'Fri, 17 Jun 2016 10:26:22 GMT',
37 verbose headers   via: '1.1 varnish',
37 verbose headers   connection: 'keep-alive',
37 verbose headers   'x-served-by': 'cache-jfk1042-JFK',
37 verbose headers   'x-cache': 'MISS',
37 verbose headers   'x-cache-hits': '0',
37 verbose headers   'x-timer': 'S1466159182.334706,VS0,VE348',
37 verbose headers   vary: 'Accept-Encoding' }
38 verbose request invalidating /home/ricardo/.npm/registry.npmjs.org/react-toasty on PUT
39 error publish Failed PUT 403
40 verbose stack Error: you do not have permission to publish "react-toasty". Are you logged in as the correct user? : react-toasty
40 verbose stack     at makeError (/usr/lib/node_modules/npm/node_modules/npm-registry-client/lib/request.js:264:12)
40 verbose stack     at CachingRegistryClient.<anonymous> (/usr/lib/node_modules/npm/node_modules/npm-registry-client/lib/request.js:252:14)
40 verbose stack     at Request._callback (/usr/lib/node_modules/npm/node_modules/npm-registry-client/lib/request.js:172:14)
40 verbose stack     at Request.self.callback (/usr/lib/node_modules/npm/node_modules/request/request.js:200:22)
40 verbose stack     at emitTwo (events.js:106:13)
40 verbose stack     at Request.emit (events.js:191:7)
40 verbose stack     at Request.<anonymous> (/usr/lib/node_modules/npm/node_modules/request/request.js:1067:10)
40 verbose stack     at emitOne (events.js:101:20)
40 verbose stack     at Request.emit (events.js:188:7)
40 verbose stack     at IncomingMessage.<anonymous> (/usr/lib/node_modules/npm/node_modules/request/request.js:988:12)
41 verbose statusCode 403
42 verbose pkgid react-toasty
43 verbose cwd /home/ricardo/Documents/Projects/toasted
44 error Linux 3.19.0-32-generic
45 error argv "/usr/bin/nodejs" "/usr/bin/npm" "publish"
46 error node v6.2.1
47 error npm  v3.9.3
48 error code E403
49 error you do not have permission to publish "react-toasty". Are you logged in as the correct user? : react-toasty
50 error If you need help, you may report this error at:
50 error     <https://github.com/npm/npm/issues>
51 verbose exit [ 1, true ]
